The system is: Linux - 5.15.167.4-microsoft-standard-WSL2 - x86_64
Compiling the CXX compiler identification source file "CMakeCXXCompilerId.cpp" succeeded.
Compiler: /mnt/e/srtp/Software_Vulnerality/diffcomp/AFLplusplus/afl-c++ 
Build flags: 
Id flags:  

The output was:
0


Compilation of the CXX compiler identification source "CMakeCXXCompilerId.cpp" produced "a.out"

The CXX compiler identification is Clang, found in "/mnt/e/srtp/Software_Vulnerality/diffcomp/ncmdump/build_o0/CMakeFiles/3.22.1/CompilerIdCXX/a.out"

Detecting CXX compiler ABI info compiled with the following output:
Change Dir: /mnt/e/srtp/Software_Vulnerality/diffcomp/ncmdump/build_o0/CMakeFiles/CMakeTmp

Run Build Command(s):/usr/bin/gmake -f Makefile cmTC_15c6c/fast && /usr/bin/gmake  -f CMakeFiles/cmTC_15c6c.dir/build.make CMakeFiles/cmTC_15c6c.dir/build
gmake[1]: Entering directory '/mnt/e/srtp/Software_Vulnerality/diffcomp/ncmdump/build_o0/CMakeFiles/CMakeTmp'
Building CXX object CMakeFiles/cmTC_15c6c.dir/CMakeCXXCompilerABI.cpp.o
/mnt/e/srtp/Software_Vulnerality/diffcomp/AFLplusplus/afl-c++   -v -MD -MT CMakeFiles/cmTC_15c6c.dir/CMakeCXXCompilerABI.cpp.o -MF CMakeFiles/cmTC_15c6c.dir/CMakeCXXCompilerABI.cpp.o.d -o CMakeFiles/cmTC_15c6c.dir/CMakeCXXCompilerABI.cpp.o -c /usr/share/cmake-3.22/Modules/CMakeCXXCompilerABI.cpp
Ubuntu clang version 14.0.0-1ubuntu1.1
Target: x86_64-pc-linux-gnu
Thread model: posix
InstalledDir: /usr/lib/llvm-14/bin
Found candidate GCC installation: /usr/lib/gcc/x86_64-linux-gnu/11
Selected GCC installation: /usr/lib/gcc/x86_64-linux-gnu/11
Candidate multilib: .;@m64
Selected multilib: .;@m64
 (in-process)
 "/usr/lib/llvm-14/bin/clang" -cc1 -triple x86_64-pc-linux-gnu -emit-obj --mrelax-relocations -disable-free -clear-ast-before-backend -disable-llvm-verifier -discard-value-names -main-file-name CMakeCXXCompilerABI.cpp -mrelocation-model pic -pic-level 2 -fhalf-no-semantic-interposition -mframe-pointer=none -fmath-errno -ffp-contract=on -fno-rounding-math -mconstructor-aliases -funwind-tables=2 -target-cpu x86-64 -tune-cpu generic -mllvm -treat-scalable-fixed-error-as-warning -debug-info-kind=constructor -dwarf-version=5 -debugger-tuning=gdb -v -fcoverage-compilation-dir=/mnt/e/srtp/Software_Vulnerality/diffcomp/ncmdump/build_o0/CMakeFiles/CMakeTmp -resource-dir /usr/lib/llvm-14/lib/clang/14.0.0 -dependency-file CMakeFiles/cmTC_15c6c.dir/CMakeCXXCompilerABI.cpp.o.d -MT CMakeFiles/cmTC_15c6c.dir/CMakeCXXCompilerABI.cpp.o -sys-header-deps -D __AFL_COMPILER=1 -D FUZZING_BUILD_MODE_UNSAFE_FOR_PRODUCTION=1 -D "__AFL_COVERAGE()=int __afl_selective_coverage = 1;extern \"C\" void __afl_coverage_discard();extern \"C\" void __afl_coverage_skip();extern \"C\" void __afl_coverage_on();extern \"C\" void __afl_coverage_off();" -D "__AFL_COVERAGE_START_OFF()=int __afl_selective_coverage_start_off = 1;" -D __AFL_COVERAGE_ON()=__afl_coverage_on() -D __AFL_COVERAGE_OFF()=__afl_coverage_off() -D __AFL_COVERAGE_DISCARD()=__afl_coverage_discard() -D __AFL_COVERAGE_SKIP()=__afl_coverage_skip() -D __AFL_HAVE_MANUAL_CONTROL=1 -D "__AFL_FUZZ_INIT()=int __afl_sharedmem_fuzzing = 1;extern __attribute__((visibility(\"default\"))) unsigned int *__afl_fuzz_len;extern __attribute__((visibility(\"default\"))) unsigned char *__afl_fuzz_ptr;unsigned char __afl_fuzz_alt[1048576];unsigned char *__afl_fuzz_alt_ptr = __afl_fuzz_alt;" -D "__AFL_FUZZ_TESTCASE_BUF=(__afl_fuzz_ptr ? __afl_fuzz_ptr : __afl_fuzz_alt_ptr)" -D "__AFL_FUZZ_TESTCASE_LEN=(__afl_fuzz_ptr ? *__afl_fuzz_len : (*__afl_fuzz_len = read(0, __afl_fuzz_alt_ptr, 1048576)) == 0xffffffff ? 0 : *__afl_fuzz_len)" -D "__AFL_LOOP(_A)=({ static volatile const char *_B __attribute__((used,unused));  _B = (const char*)\"##SIG_AFL_PERSISTENT##\"; extern __attribute__((visibility(\"default\"))) int __afl_connected;__attribute__((visibility(\"default\"))) int _L(unsigned int) __asm__(\"__afl_persistent_loop\"); _L(__afl_connected ? _A : 1); })" -D "__AFL_INIT()=do { static volatile const char *_A __attribute__((used,unused));  _A = (const char*)\"##SIG_AFL_DEFER_FORKSRV##\"; __attribute__((visibility(\"default\"))) void _I(void) __asm__(\"__afl_manual_init\"); _I(); } while (0)" -internal-isystem /usr/lib/gcc/x86_64-linux-gnu/11/../../../../include/c++/11 -internal-isystem /usr/lib/gcc/x86_64-linux-gnu/11/../../../../include/x86_64-linux-gnu/c++/11 -internal-isystem /usr/lib/gcc/x86_64-linux-gnu/11/../../../../include/c++/11/backward -internal-isystem /usr/lib/llvm-14/lib/clang/14.0.0/include -internal-isystem /usr/local/include -internal-isystem /usr/lib/gcc/x86_64-linux-gnu/11/../../../../x86_64-linux-gnu/include -internal-externc-isystem /usr/include/x86_64-linux-gnu -internal-externc-isystem /include -internal-externc-isystem /usr/include -O3 -Wno-unused-command-line-argument -fdeprecated-macro -fdebug-compilation-dir=/mnt/e/srtp/Software_Vulnerality/diffcomp/ncmdump/build_o0/CMakeFiles/CMakeTmp -ferror-limit 19 -funroll-loops -fgnuc-version=4.2.1 -fno-legacy-pass-manager -fcxx-exceptions -fexceptions -vectorize-loops -vectorize-slp -fpass-plugin=/mnt/e/srtp/Software_Vulnerality/diffcomp/AFLplusplus/SanitizerCoveragePCGUARD.so -faddrsig -D__GCC_HAVE_DWARF2_CFI_ASM=1 -o CMakeFiles/cmTC_15c6c.dir/CMakeCXXCompilerABI.cpp.o -x c++ /usr/share/cmake-3.22/Modules/CMakeCXXCompilerABI.cpp
clang -cc1 version 14.0.0 based upon LLVM 14.0.0 default target x86_64-pc-linux-gnu
ignoring nonexistent directory "/usr/lib/gcc/x86_64-linux-gnu/11/../../../../x86_64-linux-gnu/include"
ignoring nonexistent directory "/include"
#include "..." search starts here:
#include <...> search starts here:
 /usr/lib/gcc/x86_64-linux-gnu/11/../../../../include/c++/11
 /usr/lib/gcc/x86_64-linux-gnu/11/../../../../include/x86_64-linux-gnu/c++/11
 /usr/lib/gcc/x86_64-linux-gnu/11/../../../../include/c++/11/backward
 /usr/lib/llvm-14/lib/clang/14.0.0/include
 /usr/local/include
 /usr/include/x86_64-linux-gnu
 /usr/include
End of search list.
Linking CXX executable cmTC_15c6c
/usr/bin/cmake -E cmake_link_script CMakeFiles/cmTC_15c6c.dir/link.txt --verbose=1
/mnt/e/srtp/Software_Vulnerality/diffcomp/AFLplusplus/afl-c++  -v CMakeFiles/cmTC_15c6c.dir/CMakeCXXCompilerABI.cpp.o -o cmTC_15c6c 
Ubuntu clang version 14.0.0-1ubuntu1.1
Target: x86_64-pc-linux-gnu
Thread model: posix
InstalledDir: /usr/lib/llvm-14/bin
Found candidate GCC installation: /usr/lib/gcc/x86_64-linux-gnu/11
Selected GCC installation: /usr/lib/gcc/x86_64-linux-gnu/11
Candidate multilib: .;@m64
Selected multilib: .;@m64
 "/usr/bin/ld" -pie -z relro --hash-style=gnu --build-id --eh-frame-hdr -m elf_x86_64 -dynamic-linker /lib64/ld-linux-x86-64.so.2 -o cmTC_15c6c /lib/x86_64-linux-gnu/Scrt1.o /lib/x86_64-linux-gnu/crti.o /usr/lib/gcc/x86_64-linux-gnu/11/crtbeginS.o -L/usr/lib/gcc/x86_64-linux-gnu/11 -L/usr/lib/gcc/x86_64-linux-gnu/11/../../../../lib64 -L/lib/x86_64-linux-gnu -L/lib/../lib64 -L/usr/lib/x86_64-linux-gnu -L/usr/lib/../lib64 -L/usr/lib/llvm-14/bin/../lib -L/lib -L/usr/lib CMakeFiles/cmTC_15c6c.dir/CMakeCXXCompilerABI.cpp.o /mnt/e/srtp/Software_Vulnerality/diffcomp/AFLplusplus/afl-compiler-rt.o --dynamic-list=/mnt/e/srtp/Software_Vulnerality/diffcomp/AFLplusplus/dynamic_list.txt -lstdc++ -lm -lgcc_s -lgcc -lc -lgcc_s -lgcc /usr/lib/gcc/x86_64-linux-gnu/11/crtendS.o /lib/x86_64-linux-gnu/crtn.o
gmake[1]: Leaving directory '/mnt/e/srtp/Software_Vulnerality/diffcomp/ncmdump/build_o0/CMakeFiles/CMakeTmp'



Parsed CXX implicit include dir info from above output: rv=done
  found start of include info
  found start of implicit include info
    add: [/usr/lib/gcc/x86_64-linux-gnu/11/../../../../include/c++/11]
    add: [/usr/lib/gcc/x86_64-linux-gnu/11/../../../../include/x86_64-linux-gnu/c++/11]
    add: [/usr/lib/gcc/x86_64-linux-gnu/11/../../../../include/c++/11/backward]
    add: [/usr/lib/llvm-14/lib/clang/14.0.0/include]
    add: [/usr/local/include]
    add: [/usr/include/x86_64-linux-gnu]
    add: [/usr/include]
  end of search list found
  collapse include dir [/usr/lib/gcc/x86_64-linux-gnu/11/../../../../include/c++/11] ==> [/usr/include/c++/11]
  collapse include dir [/usr/lib/gcc/x86_64-linux-gnu/11/../../../../include/x86_64-linux-gnu/c++/11] ==> [/usr/include/x86_64-linux-gnu/c++/11]
  collapse include dir [/usr/lib/gcc/x86_64-linux-gnu/11/../../../../include/c++/11/backward] ==> [/usr/include/c++/11/backward]
  collapse include dir [/usr/lib/llvm-14/lib/clang/14.0.0/include] ==> [/usr/lib/llvm-14/lib/clang/14.0.0/include]
  collapse include dir [/usr/local/include] ==> [/usr/local/include]
  collapse include dir [/usr/include/x86_64-linux-gnu] ==> [/usr/include/x86_64-linux-gnu]
  collapse include dir [/usr/include] ==> [/usr/include]
  implicit include dirs: [/usr/include/c++/11;/usr/include/x86_64-linux-gnu/c++/11;/usr/include/c++/11/backward;/usr/lib/llvm-14/lib/clang/14.0.0/include;/usr/local/include;/usr/include/x86_64-linux-gnu;/usr/include]


Parsed CXX implicit link information from above output:
  link line regex: [^( *|.*[/\])(ld|CMAKE_LINK_STARTFILE-NOTFOUND|([^/\]+-)?ld|collect2)[^/\]*( |$)]
  ignore line: [Change Dir: /mnt/e/srtp/Software_Vulnerality/diffcomp/ncmdump/build_o0/CMakeFiles/CMakeTmp]
  ignore line: []
  ignore line: [Run Build Command(s):/usr/bin/gmake -f Makefile cmTC_15c6c/fast && /usr/bin/gmake  -f CMakeFiles/cmTC_15c6c.dir/build.make CMakeFiles/cmTC_15c6c.dir/build]
  ignore line: [gmake[1]: Entering directory '/mnt/e/srtp/Software_Vulnerality/diffcomp/ncmdump/build_o0/CMakeFiles/CMakeTmp']
  ignore line: [Building CXX object CMakeFiles/cmTC_15c6c.dir/CMakeCXXCompilerABI.cpp.o]
  ignore line: [/mnt/e/srtp/Software_Vulnerality/diffcomp/AFLplusplus/afl-c++   -v -MD -MT CMakeFiles/cmTC_15c6c.dir/CMakeCXXCompilerABI.cpp.o -MF CMakeFiles/cmTC_15c6c.dir/CMakeCXXCompilerABI.cpp.o.d -o CMakeFiles/cmTC_15c6c.dir/CMakeCXXCompilerABI.cpp.o -c /usr/share/cmake-3.22/Modules/CMakeCXXCompilerABI.cpp]
  ignore line: [Ubuntu clang version 14.0.0-1ubuntu1.1]
  ignore line: [Target: x86_64-pc-linux-gnu]
  ignore line: [Thread model: posix]
  ignore line: [InstalledDir: /usr/lib/llvm-14/bin]
  ignore line: [Found candidate GCC installation: /usr/lib/gcc/x86_64-linux-gnu/11]
  ignore line: [Selected GCC installation: /usr/lib/gcc/x86_64-linux-gnu/11]
  ignore line: [Candidate multilib: .]
  ignore line: [@m64]
  ignore line: [Selected multilib: .]
  ignore line: [@m64]
  ignore line: [ (in-process)]
  ignore line: [ "/usr/lib/llvm-14/bin/clang" -cc1 -triple x86_64-pc-linux-gnu -emit-obj --mrelax-relocations -disable-free -clear-ast-before-backend -disable-llvm-verifier -discard-value-names -main-file-name CMakeCXXCompilerABI.cpp -mrelocation-model pic -pic-level 2 -fhalf-no-semantic-interposition -mframe-pointer=none -fmath-errno -ffp-contract=on -fno-rounding-math -mconstructor-aliases -funwind-tables=2 -target-cpu x86-64 -tune-cpu generic -mllvm -treat-scalable-fixed-error-as-warning -debug-info-kind=constructor -dwarf-version=5 -debugger-tuning=gdb -v -fcoverage-compilation-dir=/mnt/e/srtp/Software_Vulnerality/diffcomp/ncmdump/build_o0/CMakeFiles/CMakeTmp -resource-dir /usr/lib/llvm-14/lib/clang/14.0.0 -dependency-file CMakeFiles/cmTC_15c6c.dir/CMakeCXXCompilerABI.cpp.o.d -MT CMakeFiles/cmTC_15c6c.dir/CMakeCXXCompilerABI.cpp.o -sys-header-deps -D __AFL_COMPILER=1 -D FUZZING_BUILD_MODE_UNSAFE_FOR_PRODUCTION=1 -D "__AFL_COVERAGE()=int __afl_selective_coverage = 1]
  ignore line: [extern \"C\" void __afl_coverage_discard()]
  ignore line: [extern \"C\" void __afl_coverage_skip()]
  ignore line: [extern \"C\" void __afl_coverage_on()]
  ignore line: [extern \"C\" void __afl_coverage_off()]
  ignore line: [" -D "__AFL_COVERAGE_START_OFF()=int __afl_selective_coverage_start_off = 1]
  ignore line: [" -D __AFL_COVERAGE_ON()=__afl_coverage_on() -D __AFL_COVERAGE_OFF()=__afl_coverage_off() -D __AFL_COVERAGE_DISCARD()=__afl_coverage_discard() -D __AFL_COVERAGE_SKIP()=__afl_coverage_skip() -D __AFL_HAVE_MANUAL_CONTROL=1 -D "__AFL_FUZZ_INIT()=int __afl_sharedmem_fuzzing = 1]
  ignore line: [extern __attribute__((visibility(\"default\"))) unsigned int *__afl_fuzz_len]
  ignore line: [extern __attribute__((visibility(\"default\"))) unsigned char *__afl_fuzz_ptr]
  ignore line: [unsigned char __afl_fuzz_alt[1048576]]
  ignore line: [unsigned char *__afl_fuzz_alt_ptr = __afl_fuzz_alt]
  ignore line: [" -D "__AFL_FUZZ_TESTCASE_BUF=(__afl_fuzz_ptr ? __afl_fuzz_ptr : __afl_fuzz_alt_ptr)" -D "__AFL_FUZZ_TESTCASE_LEN=(__afl_fuzz_ptr ? *__afl_fuzz_len : (*__afl_fuzz_len = read(0  __afl_fuzz_alt_ptr  1048576)) == 0xffffffff ? 0 : *__afl_fuzz_len)" -D "__AFL_LOOP(_A)=({ static volatile const char *_B __attribute__((used unused))]
  ignore line: [  _B = (const char*)\"##SIG_AFL_PERSISTENT##\"]
  ignore line: [ extern __attribute__((visibility(\"default\"))) int __afl_connected]
  ignore line: [__attribute__((visibility(\"default\"))) int _L(unsigned int) __asm__(\"__afl_persistent_loop\")]
  ignore line: [ _L(__afl_connected ? _A : 1)]
  ignore line: [ })" -D "__AFL_INIT()=do { static volatile const char *_A __attribute__((used unused))]
  ignore line: [  _A = (const char*)\"##SIG_AFL_DEFER_FORKSRV##\"]
  ignore line: [ __attribute__((visibility(\"default\"))) void _I(void) __asm__(\"__afl_manual_init\")]
  ignore line: [ _I()]
  ignore line: [ } while (0)" -internal-isystem /usr/lib/gcc/x86_64-linux-gnu/11/../../../../include/c++/11 -internal-isystem /usr/lib/gcc/x86_64-linux-gnu/11/../../../../include/x86_64-linux-gnu/c++/11 -internal-isystem /usr/lib/gcc/x86_64-linux-gnu/11/../../../../include/c++/11/backward -internal-isystem /usr/lib/llvm-14/lib/clang/14.0.0/include -internal-isystem /usr/local/include -internal-isystem /usr/lib/gcc/x86_64-linux-gnu/11/../../../../x86_64-linux-gnu/include -internal-externc-isystem /usr/include/x86_64-linux-gnu -internal-externc-isystem /include -internal-externc-isystem /usr/include -O3 -Wno-unused-command-line-argument -fdeprecated-macro -fdebug-compilation-dir=/mnt/e/srtp/Software_Vulnerality/diffcomp/ncmdump/build_o0/CMakeFiles/CMakeTmp -ferror-limit 19 -funroll-loops -fgnuc-version=4.2.1 -fno-legacy-pass-manager -fcxx-exceptions -fexceptions -vectorize-loops -vectorize-slp -fpass-plugin=/mnt/e/srtp/Software_Vulnerality/diffcomp/AFLplusplus/SanitizerCoveragePCGUARD.so -faddrsig -D__GCC_HAVE_DWARF2_CFI_ASM=1 -o CMakeFiles/cmTC_15c6c.dir/CMakeCXXCompilerABI.cpp.o -x c++ /usr/share/cmake-3.22/Modules/CMakeCXXCompilerABI.cpp]
  ignore line: [clang -cc1 version 14.0.0 based upon LLVM 14.0.0 default target x86_64-pc-linux-gnu]
  ignore line: [ignoring nonexistent directory "/usr/lib/gcc/x86_64-linux-gnu/11/../../../../x86_64-linux-gnu/include"]
  ignore line: [ignoring nonexistent directory "/include"]
  ignore line: [#include "..." search starts here:]
  ignore line: [#include <...> search starts here:]
  ignore line: [ /usr/lib/gcc/x86_64-linux-gnu/11/../../../../include/c++/11]
  ignore line: [ /usr/lib/gcc/x86_64-linux-gnu/11/../../../../include/x86_64-linux-gnu/c++/11]
  ignore line: [ /usr/lib/gcc/x86_64-linux-gnu/11/../../../../include/c++/11/backward]
  ignore line: [ /usr/lib/llvm-14/lib/clang/14.0.0/include]
  ignore line: [ /usr/local/include]
  ignore line: [ /usr/include/x86_64-linux-gnu]
  ignore line: [ /usr/include]
  ignore line: [End of search list.]
  ignore line: [Linking CXX executable cmTC_15c6c]
  ignore line: [/usr/bin/cmake -E cmake_link_script CMakeFiles/cmTC_15c6c.dir/link.txt --verbose=1]
  ignore line: [/mnt/e/srtp/Software_Vulnerality/diffcomp/AFLplusplus/afl-c++  -v CMakeFiles/cmTC_15c6c.dir/CMakeCXXCompilerABI.cpp.o -o cmTC_15c6c ]
  ignore line: [Ubuntu clang version 14.0.0-1ubuntu1.1]
  ignore line: [Target: x86_64-pc-linux-gnu]
  ignore line: [Thread model: posix]
  ignore line: [InstalledDir: /usr/lib/llvm-14/bin]
  ignore line: [Found candidate GCC installation: /usr/lib/gcc/x86_64-linux-gnu/11]
  ignore line: [Selected GCC installation: /usr/lib/gcc/x86_64-linux-gnu/11]
  ignore line: [Candidate multilib: .]
  ignore line: [@m64]
  ignore line: [Selected multilib: .]
  ignore line: [@m64]
  link line: [ "/usr/bin/ld" -pie -z relro --hash-style=gnu --build-id --eh-frame-hdr -m elf_x86_64 -dynamic-linker /lib64/ld-linux-x86-64.so.2 -o cmTC_15c6c /lib/x86_64-linux-gnu/Scrt1.o /lib/x86_64-linux-gnu/crti.o /usr/lib/gcc/x86_64-linux-gnu/11/crtbeginS.o -L/usr/lib/gcc/x86_64-linux-gnu/11 -L/usr/lib/gcc/x86_64-linux-gnu/11/../../../../lib64 -L/lib/x86_64-linux-gnu -L/lib/../lib64 -L/usr/lib/x86_64-linux-gnu -L/usr/lib/../lib64 -L/usr/lib/llvm-14/bin/../lib -L/lib -L/usr/lib CMakeFiles/cmTC_15c6c.dir/CMakeCXXCompilerABI.cpp.o /mnt/e/srtp/Software_Vulnerality/diffcomp/AFLplusplus/afl-compiler-rt.o --dynamic-list=/mnt/e/srtp/Software_Vulnerality/diffcomp/AFLplusplus/dynamic_list.txt -lstdc++ -lm -lgcc_s -lgcc -lc -lgcc_s -lgcc /usr/lib/gcc/x86_64-linux-gnu/11/crtendS.o /lib/x86_64-linux-gnu/crtn.o]
    arg [/usr/bin/ld] ==> ignore
    arg [-pie] ==> ignore
    arg [-zrelro] ==> ignore
    arg [--hash-style=gnu] ==> ignore
    arg [--build-id] ==> ignore
    arg [--eh-frame-hdr] ==> ignore
    arg [-m] ==> ignore
    arg [elf_x86_64] ==> ignore
    arg [-dynamic-linker] ==> ignore
    arg [/lib64/ld-linux-x86-64.so.2] ==> ignore
    arg [-o] ==> ignore
    arg [cmTC_15c6c] ==> ignore
    arg [/lib/x86_64-linux-gnu/Scrt1.o] ==> obj [/lib/x86_64-linux-gnu/Scrt1.o]
    arg [/lib/x86_64-linux-gnu/crti.o] ==> obj [/lib/x86_64-linux-gnu/crti.o]
    arg [/usr/lib/gcc/x86_64-linux-gnu/11/crtbeginS.o] ==> obj [/usr/lib/gcc/x86_64-linux-gnu/11/crtbeginS.o]
    arg [-L/usr/lib/gcc/x86_64-linux-gnu/11] ==> dir [/usr/lib/gcc/x86_64-linux-gnu/11]
    arg [-L/usr/lib/gcc/x86_64-linux-gnu/11/../../../../lib64] ==> dir [/usr/lib/gcc/x86_64-linux-gnu/11/../../../../lib64]
    arg [-L/lib/x86_64-linux-gnu] ==> dir [/lib/x86_64-linux-gnu]
    arg [-L/lib/../lib64] ==> dir [/lib/../lib64]
    arg [-L/usr/lib/x86_64-linux-gnu] ==> dir [/usr/lib/x86_64-linux-gnu]
    arg [-L/usr/lib/../lib64] ==> dir [/usr/lib/../lib64]
    arg [-L/usr/lib/llvm-14/bin/../lib] ==> dir [/usr/lib/llvm-14/bin/../lib]
    arg [-L/lib] ==> dir [/lib]
    arg [-L/usr/lib] ==> dir [/usr/lib]
    arg [CMakeFiles/cmTC_15c6c.dir/CMakeCXXCompilerABI.cpp.o] ==> ignore
    arg [/mnt/e/srtp/Software_Vulnerality/diffcomp/AFLplusplus/afl-compiler-rt.o] ==> obj [/mnt/e/srtp/Software_Vulnerality/diffcomp/AFLplusplus/afl-compiler-rt.o]
    arg [--dynamic-list=/mnt/e/srtp/Software_Vulnerality/diffcomp/AFLplusplus/dynamic_list.txt] ==> ignore
    arg [-lstdc++] ==> lib [stdc++]
    arg [-lm] ==> lib [m]
    arg [-lgcc_s] ==> lib [gcc_s]
    arg [-lgcc] ==> lib [gcc]
    arg [-lc] ==> lib [c]
    arg [-lgcc_s] ==> lib [gcc_s]
    arg [-lgcc] ==> lib [gcc]
    arg [/usr/lib/gcc/x86_64-linux-gnu/11/crtendS.o] ==> obj [/usr/lib/gcc/x86_64-linux-gnu/11/crtendS.o]
    arg [/lib/x86_64-linux-gnu/crtn.o] ==> obj [/lib/x86_64-linux-gnu/crtn.o]
  collapse library dir [/usr/lib/gcc/x86_64-linux-gnu/11] ==> [/usr/lib/gcc/x86_64-linux-gnu/11]
  collapse library dir [/usr/lib/gcc/x86_64-linux-gnu/11/../../../../lib64] ==> [/usr/lib64]
  collapse library dir [/lib/x86_64-linux-gnu] ==> [/lib/x86_64-linux-gnu]
  collapse library dir [/lib/../lib64] ==> [/lib64]
  collapse library dir [/usr/lib/x86_64-linux-gnu] ==> [/usr/lib/x86_64-linux-gnu]
  collapse library dir [/usr/lib/../lib64] ==> [/usr/lib64]
  collapse library dir [/usr/lib/llvm-14/bin/../lib] ==> [/usr/lib/llvm-14/lib]
  collapse library dir [/lib] ==> [/lib]
  collapse library dir [/usr/lib] ==> [/usr/lib]
  implicit libs: [stdc++;m;gcc_s;gcc;c;gcc_s;gcc]
  implicit objs: [/lib/x86_64-linux-gnu/Scrt1.o;/lib/x86_64-linux-gnu/crti.o;/usr/lib/gcc/x86_64-linux-gnu/11/crtbeginS.o;/mnt/e/srtp/Software_Vulnerality/diffcomp/AFLplusplus/afl-compiler-rt.o;/usr/lib/gcc/x86_64-linux-gnu/11/crtendS.o;/lib/x86_64-linux-gnu/crtn.o]
  implicit dirs: [/usr/lib/gcc/x86_64-linux-gnu/11;/usr/lib64;/lib/x86_64-linux-gnu;/lib64;/usr/lib/x86_64-linux-gnu;/usr/lib/llvm-14/lib;/lib;/usr/lib]
  implicit fwks: []


Compiling the C compiler identification source file "CMakeCCompilerId.c" succeeded.
Compiler: /mnt/e/srtp/Software_Vulnerality/diffcomp/AFLplusplus/afl-cc 
Build flags: 
Id flags:  

The output was:
0


Compilation of the C compiler identification source "CMakeCCompilerId.c" produced "a.out"

The C compiler identification is Clang, found in "/mnt/e/srtp/Software_Vulnerality/diffcomp/ncmdump/build_o0/CMakeFiles/3.22.1/CompilerIdC/a.out"

Detecting C compiler ABI info compiled with the following output:
Change Dir: /mnt/e/srtp/Software_Vulnerality/diffcomp/ncmdump/build_o0/CMakeFiles/CMakeTmp

Run Build Command(s):/usr/bin/gmake -f Makefile cmTC_c46df/fast && /usr/bin/gmake  -f CMakeFiles/cmTC_c46df.dir/build.make CMakeFiles/cmTC_c46df.dir/build
gmake[1]: Entering directory '/mnt/e/srtp/Software_Vulnerality/diffcomp/ncmdump/build_o0/CMakeFiles/CMakeTmp'
Building C object CMakeFiles/cmTC_c46df.dir/CMakeCCompilerABI.c.o
/mnt/e/srtp/Software_Vulnerality/diffcomp/AFLplusplus/afl-cc   -v -MD -MT CMakeFiles/cmTC_c46df.dir/CMakeCCompilerABI.c.o -MF CMakeFiles/cmTC_c46df.dir/CMakeCCompilerABI.c.o.d -o CMakeFiles/cmTC_c46df.dir/CMakeCCompilerABI.c.o -c /usr/share/cmake-3.22/Modules/CMakeCCompilerABI.c
Ubuntu clang version 14.0.0-1ubuntu1.1
Target: x86_64-pc-linux-gnu
Thread model: posix
InstalledDir: /usr/lib/llvm-14/bin
Found candidate GCC installation: /usr/lib/gcc/x86_64-linux-gnu/11
Selected GCC installation: /usr/lib/gcc/x86_64-linux-gnu/11
Candidate multilib: .;@m64
Selected multilib: .;@m64
 (in-process)
 "/usr/lib/llvm-14/bin/clang" -cc1 -triple x86_64-pc-linux-gnu -emit-obj --mrelax-relocations -disable-free -clear-ast-before-backend -disable-llvm-verifier -discard-value-names -main-file-name CMakeCCompilerABI.c -mrelocation-model pic -pic-level 2 -fhalf-no-semantic-interposition -mframe-pointer=none -fmath-errno -ffp-contract=on -fno-rounding-math -mconstructor-aliases -funwind-tables=2 -target-cpu x86-64 -tune-cpu generic -mllvm -treat-scalable-fixed-error-as-warning -debug-info-kind=constructor -dwarf-version=5 -debugger-tuning=gdb -v -fcoverage-compilation-dir=/mnt/e/srtp/Software_Vulnerality/diffcomp/ncmdump/build_o0/CMakeFiles/CMakeTmp -resource-dir /usr/lib/llvm-14/lib/clang/14.0.0 -dependency-file CMakeFiles/cmTC_c46df.dir/CMakeCCompilerABI.c.o.d -MT CMakeFiles/cmTC_c46df.dir/CMakeCCompilerABI.c.o -sys-header-deps -D __AFL_COMPILER=1 -D FUZZING_BUILD_MODE_UNSAFE_FOR_PRODUCTION=1 -D "__AFL_COVERAGE()=int __afl_selective_coverage = 1;void __afl_coverage_discard();void __afl_coverage_skip();void __afl_coverage_on();void __afl_coverage_off();" -D "__AFL_COVERAGE_START_OFF()=int __afl_selective_coverage_start_off = 1;" -D __AFL_COVERAGE_ON()=__afl_coverage_on() -D __AFL_COVERAGE_OFF()=__afl_coverage_off() -D __AFL_COVERAGE_DISCARD()=__afl_coverage_discard() -D __AFL_COVERAGE_SKIP()=__afl_coverage_skip() -D __AFL_HAVE_MANUAL_CONTROL=1 -D "__AFL_FUZZ_INIT()=int __afl_sharedmem_fuzzing = 1;extern __attribute__((visibility(\"default\"))) unsigned int *__afl_fuzz_len;extern __attribute__((visibility(\"default\"))) unsigned char *__afl_fuzz_ptr;unsigned char __afl_fuzz_alt[1048576];unsigned char *__afl_fuzz_alt_ptr = __afl_fuzz_alt;" -D "__AFL_FUZZ_TESTCASE_BUF=(__afl_fuzz_ptr ? __afl_fuzz_ptr : __afl_fuzz_alt_ptr)" -D "__AFL_FUZZ_TESTCASE_LEN=(__afl_fuzz_ptr ? *__afl_fuzz_len : (*__afl_fuzz_len = read(0, __afl_fuzz_alt_ptr, 1048576)) == 0xffffffff ? 0 : *__afl_fuzz_len)" -D "__AFL_LOOP(_A)=({ static volatile const char *_B __attribute__((used,unused));  _B = (const char*)\"##SIG_AFL_PERSISTENT##\"; extern __attribute__((visibility(\"default\"))) int __afl_connected;__attribute__((visibility(\"default\"))) int _L(unsigned int) __asm__(\"__afl_persistent_loop\"); _L(__afl_connected ? _A : 1); })" -D "__AFL_INIT()=do { static volatile const char *_A __attribute__((used,unused));  _A = (const char*)\"##SIG_AFL_DEFER_FORKSRV##\"; __attribute__((visibility(\"default\"))) void _I(void) __asm__(\"__afl_manual_init\"); _I(); } while (0)" -internal-isystem /usr/lib/llvm-14/lib/clang/14.0.0/include -internal-isystem /usr/local/include -internal-isystem /usr/lib/gcc/x86_64-linux-gnu/11/../../../../x86_64-linux-gnu/include -internal-externc-isystem /usr/include/x86_64-linux-gnu -internal-externc-isystem /include -internal-externc-isystem /usr/include -O3 -Wno-unused-command-line-argument -fdebug-compilation-dir=/mnt/e/srtp/Software_Vulnerality/diffcomp/ncmdump/build_o0/CMakeFiles/CMakeTmp -ferror-limit 19 -funroll-loops -fgnuc-version=4.2.1 -fno-legacy-pass-manager -vectorize-loops -vectorize-slp -fpass-plugin=/mnt/e/srtp/Software_Vulnerality/diffcomp/AFLplusplus/SanitizerCoveragePCGUARD.so -faddrsig -D__GCC_HAVE_DWARF2_CFI_ASM=1 -o CMakeFiles/cmTC_c46df.dir/CMakeCCompilerABI.c.o -x c /usr/share/cmake-3.22/Modules/CMakeCCompilerABI.c
clang -cc1 version 14.0.0 based upon LLVM 14.0.0 default target x86_64-pc-linux-gnu
ignoring nonexistent directory "/usr/lib/gcc/x86_64-linux-gnu/11/../../../../x86_64-linux-gnu/include"
ignoring nonexistent directory "/include"
#include "..." search starts here:
#include <...> search starts here:
 /usr/lib/llvm-14/lib/clang/14.0.0/include
 /usr/local/include
 /usr/include/x86_64-linux-gnu
 /usr/include
End of search list.
Linking C executable cmTC_c46df
/usr/bin/cmake -E cmake_link_script CMakeFiles/cmTC_c46df.dir/link.txt --verbose=1
/mnt/e/srtp/Software_Vulnerality/diffcomp/AFLplusplus/afl-cc  -v CMakeFiles/cmTC_c46df.dir/CMakeCCompilerABI.c.o -o cmTC_c46df 
Ubuntu clang version 14.0.0-1ubuntu1.1
Target: x86_64-pc-linux-gnu
Thread model: posix
InstalledDir: /usr/lib/llvm-14/bin
Found candidate GCC installation: /usr/lib/gcc/x86_64-linux-gnu/11
Selected GCC installation: /usr/lib/gcc/x86_64-linux-gnu/11
Candidate multilib: .;@m64
Selected multilib: .;@m64
 "/usr/bin/ld" -pie -z relro --hash-style=gnu --build-id --eh-frame-hdr -m elf_x86_64 -dynamic-linker /lib64/ld-linux-x86-64.so.2 -o cmTC_c46df /lib/x86_64-linux-gnu/Scrt1.o /lib/x86_64-linux-gnu/crti.o /usr/lib/gcc/x86_64-linux-gnu/11/crtbeginS.o -L/usr/lib/gcc/x86_64-linux-gnu/11 -L/usr/lib/gcc/x86_64-linux-gnu/11/../../../../lib64 -L/lib/x86_64-linux-gnu -L/lib/../lib64 -L/usr/lib/x86_64-linux-gnu -L/usr/lib/../lib64 -L/usr/lib/llvm-14/bin/../lib -L/lib -L/usr/lib CMakeFiles/cmTC_c46df.dir/CMakeCCompilerABI.c.o /mnt/e/srtp/Software_Vulnerality/diffcomp/AFLplusplus/afl-compiler-rt.o --dynamic-list=/mnt/e/srtp/Software_Vulnerality/diffcomp/AFLplusplus/dynamic_list.txt -lgcc --as-needed -lgcc_s --no-as-needed -lc -lgcc --as-needed -lgcc_s --no-as-needed /usr/lib/gcc/x86_64-linux-gnu/11/crtendS.o /lib/x86_64-linux-gnu/crtn.o
gmake[1]: Leaving directory '/mnt/e/srtp/Software_Vulnerality/diffcomp/ncmdump/build_o0/CMakeFiles/CMakeTmp'



Parsed C implicit include dir info from above output: rv=done
  found start of include info
  found start of implicit include info
    add: [/usr/lib/llvm-14/lib/clang/14.0.0/include]
    add: [/usr/local/include]
    add: [/usr/include/x86_64-linux-gnu]
    add: [/usr/include]
  end of search list found
  collapse include dir [/usr/lib/llvm-14/lib/clang/14.0.0/include] ==> [/usr/lib/llvm-14/lib/clang/14.0.0/include]
  collapse include dir [/usr/local/include] ==> [/usr/local/include]
  collapse include dir [/usr/include/x86_64-linux-gnu] ==> [/usr/include/x86_64-linux-gnu]
  collapse include dir [/usr/include] ==> [/usr/include]
  implicit include dirs: [/usr/lib/llvm-14/lib/clang/14.0.0/include;/usr/local/include;/usr/include/x86_64-linux-gnu;/usr/include]


Parsed C implicit link information from above output:
  link line regex: [^( *|.*[/\])(ld|CMAKE_LINK_STARTFILE-NOTFOUND|([^/\]+-)?ld|collect2)[^/\]*( |$)]
  ignore line: [Change Dir: /mnt/e/srtp/Software_Vulnerality/diffcomp/ncmdump/build_o0/CMakeFiles/CMakeTmp]
  ignore line: []
  ignore line: [Run Build Command(s):/usr/bin/gmake -f Makefile cmTC_c46df/fast && /usr/bin/gmake  -f CMakeFiles/cmTC_c46df.dir/build.make CMakeFiles/cmTC_c46df.dir/build]
  ignore line: [gmake[1]: Entering directory '/mnt/e/srtp/Software_Vulnerality/diffcomp/ncmdump/build_o0/CMakeFiles/CMakeTmp']
  ignore line: [Building C object CMakeFiles/cmTC_c46df.dir/CMakeCCompilerABI.c.o]
  ignore line: [/mnt/e/srtp/Software_Vulnerality/diffcomp/AFLplusplus/afl-cc   -v -MD -MT CMakeFiles/cmTC_c46df.dir/CMakeCCompilerABI.c.o -MF CMakeFiles/cmTC_c46df.dir/CMakeCCompilerABI.c.o.d -o CMakeFiles/cmTC_c46df.dir/CMakeCCompilerABI.c.o -c /usr/share/cmake-3.22/Modules/CMakeCCompilerABI.c]
  ignore line: [Ubuntu clang version 14.0.0-1ubuntu1.1]
  ignore line: [Target: x86_64-pc-linux-gnu]
  ignore line: [Thread model: posix]
  ignore line: [InstalledDir: /usr/lib/llvm-14/bin]
  ignore line: [Found candidate GCC installation: /usr/lib/gcc/x86_64-linux-gnu/11]
  ignore line: [Selected GCC installation: /usr/lib/gcc/x86_64-linux-gnu/11]
  ignore line: [Candidate multilib: .]
  ignore line: [@m64]
  ignore line: [Selected multilib: .]
  ignore line: [@m64]
  ignore line: [ (in-process)]
  ignore line: [ "/usr/lib/llvm-14/bin/clang" -cc1 -triple x86_64-pc-linux-gnu -emit-obj --mrelax-relocations -disable-free -clear-ast-before-backend -disable-llvm-verifier -discard-value-names -main-file-name CMakeCCompilerABI.c -mrelocation-model pic -pic-level 2 -fhalf-no-semantic-interposition -mframe-pointer=none -fmath-errno -ffp-contract=on -fno-rounding-math -mconstructor-aliases -funwind-tables=2 -target-cpu x86-64 -tune-cpu generic -mllvm -treat-scalable-fixed-error-as-warning -debug-info-kind=constructor -dwarf-version=5 -debugger-tuning=gdb -v -fcoverage-compilation-dir=/mnt/e/srtp/Software_Vulnerality/diffcomp/ncmdump/build_o0/CMakeFiles/CMakeTmp -resource-dir /usr/lib/llvm-14/lib/clang/14.0.0 -dependency-file CMakeFiles/cmTC_c46df.dir/CMakeCCompilerABI.c.o.d -MT CMakeFiles/cmTC_c46df.dir/CMakeCCompilerABI.c.o -sys-header-deps -D __AFL_COMPILER=1 -D FUZZING_BUILD_MODE_UNSAFE_FOR_PRODUCTION=1 -D "__AFL_COVERAGE()=int __afl_selective_coverage = 1]
  ignore line: [void __afl_coverage_discard()]
  ignore line: [void __afl_coverage_skip()]
  ignore line: [void __afl_coverage_on()]
  ignore line: [void __afl_coverage_off()]
  ignore line: [" -D "__AFL_COVERAGE_START_OFF()=int __afl_selective_coverage_start_off = 1]
  ignore line: [" -D __AFL_COVERAGE_ON()=__afl_coverage_on() -D __AFL_COVERAGE_OFF()=__afl_coverage_off() -D __AFL_COVERAGE_DISCARD()=__afl_coverage_discard() -D __AFL_COVERAGE_SKIP()=__afl_coverage_skip() -D __AFL_HAVE_MANUAL_CONTROL=1 -D "__AFL_FUZZ_INIT()=int __afl_sharedmem_fuzzing = 1]
  ignore line: [extern __attribute__((visibility(\"default\"))) unsigned int *__afl_fuzz_len]
  ignore line: [extern __attribute__((visibility(\"default\"))) unsigned char *__afl_fuzz_ptr]
  ignore line: [unsigned char __afl_fuzz_alt[1048576]]
  ignore line: [unsigned char *__afl_fuzz_alt_ptr = __afl_fuzz_alt]
  ignore line: [" -D "__AFL_FUZZ_TESTCASE_BUF=(__afl_fuzz_ptr ? __afl_fuzz_ptr : __afl_fuzz_alt_ptr)" -D "__AFL_FUZZ_TESTCASE_LEN=(__afl_fuzz_ptr ? *__afl_fuzz_len : (*__afl_fuzz_len = read(0  __afl_fuzz_alt_ptr  1048576)) == 0xffffffff ? 0 : *__afl_fuzz_len)" -D "__AFL_LOOP(_A)=({ static volatile const char *_B __attribute__((used unused))]
  ignore line: [  _B = (const char*)\"##SIG_AFL_PERSISTENT##\"]
  ignore line: [ extern __attribute__((visibility(\"default\"))) int __afl_connected]
  ignore line: [__attribute__((visibility(\"default\"))) int _L(unsigned int) __asm__(\"__afl_persistent_loop\")]
  ignore line: [ _L(__afl_connected ? _A : 1)]
  ignore line: [ })" -D "__AFL_INIT()=do { static volatile const char *_A __attribute__((used unused))]
  ignore line: [  _A = (const char*)\"##SIG_AFL_DEFER_FORKSRV##\"]
  ignore line: [ __attribute__((visibility(\"default\"))) void _I(void) __asm__(\"__afl_manual_init\")]
  ignore line: [ _I()]
  ignore line: [ } while (0)" -internal-isystem /usr/lib/llvm-14/lib/clang/14.0.0/include -internal-isystem /usr/local/include -internal-isystem /usr/lib/gcc/x86_64-linux-gnu/11/../../../../x86_64-linux-gnu/include -internal-externc-isystem /usr/include/x86_64-linux-gnu -internal-externc-isystem /include -internal-externc-isystem /usr/include -O3 -Wno-unused-command-line-argument -fdebug-compilation-dir=/mnt/e/srtp/Software_Vulnerality/diffcomp/ncmdump/build_o0/CMakeFiles/CMakeTmp -ferror-limit 19 -funroll-loops -fgnuc-version=4.2.1 -fno-legacy-pass-manager -vectorize-loops -vectorize-slp -fpass-plugin=/mnt/e/srtp/Software_Vulnerality/diffcomp/AFLplusplus/SanitizerCoveragePCGUARD.so -faddrsig -D__GCC_HAVE_DWARF2_CFI_ASM=1 -o CMakeFiles/cmTC_c46df.dir/CMakeCCompilerABI.c.o -x c /usr/share/cmake-3.22/Modules/CMakeCCompilerABI.c]
  ignore line: [clang -cc1 version 14.0.0 based upon LLVM 14.0.0 default target x86_64-pc-linux-gnu]
  ignore line: [ignoring nonexistent directory "/usr/lib/gcc/x86_64-linux-gnu/11/../../../../x86_64-linux-gnu/include"]
  ignore line: [ignoring nonexistent directory "/include"]
  ignore line: [#include "..." search starts here:]
  ignore line: [#include <...> search starts here:]
  ignore line: [ /usr/lib/llvm-14/lib/clang/14.0.0/include]
  ignore line: [ /usr/local/include]
  ignore line: [ /usr/include/x86_64-linux-gnu]
  ignore line: [ /usr/include]
  ignore line: [End of search list.]
  ignore line: [Linking C executable cmTC_c46df]
  ignore line: [/usr/bin/cmake -E cmake_link_script CMakeFiles/cmTC_c46df.dir/link.txt --verbose=1]
  ignore line: [/mnt/e/srtp/Software_Vulnerality/diffcomp/AFLplusplus/afl-cc  -v CMakeFiles/cmTC_c46df.dir/CMakeCCompilerABI.c.o -o cmTC_c46df ]
  ignore line: [Ubuntu clang version 14.0.0-1ubuntu1.1]
  ignore line: [Target: x86_64-pc-linux-gnu]
  ignore line: [Thread model: posix]
  ignore line: [InstalledDir: /usr/lib/llvm-14/bin]
  ignore line: [Found candidate GCC installation: /usr/lib/gcc/x86_64-linux-gnu/11]
  ignore line: [Selected GCC installation: /usr/lib/gcc/x86_64-linux-gnu/11]
  ignore line: [Candidate multilib: .]
  ignore line: [@m64]
  ignore line: [Selected multilib: .]
  ignore line: [@m64]
  link line: [ "/usr/bin/ld" -pie -z relro --hash-style=gnu --build-id --eh-frame-hdr -m elf_x86_64 -dynamic-linker /lib64/ld-linux-x86-64.so.2 -o cmTC_c46df /lib/x86_64-linux-gnu/Scrt1.o /lib/x86_64-linux-gnu/crti.o /usr/lib/gcc/x86_64-linux-gnu/11/crtbeginS.o -L/usr/lib/gcc/x86_64-linux-gnu/11 -L/usr/lib/gcc/x86_64-linux-gnu/11/../../../../lib64 -L/lib/x86_64-linux-gnu -L/lib/../lib64 -L/usr/lib/x86_64-linux-gnu -L/usr/lib/../lib64 -L/usr/lib/llvm-14/bin/../lib -L/lib -L/usr/lib CMakeFiles/cmTC_c46df.dir/CMakeCCompilerABI.c.o /mnt/e/srtp/Software_Vulnerality/diffcomp/AFLplusplus/afl-compiler-rt.o --dynamic-list=/mnt/e/srtp/Software_Vulnerality/diffcomp/AFLplusplus/dynamic_list.txt -lgcc --as-needed -lgcc_s --no-as-needed -lc -lgcc --as-needed -lgcc_s --no-as-needed /usr/lib/gcc/x86_64-linux-gnu/11/crtendS.o /lib/x86_64-linux-gnu/crtn.o]
    arg [/usr/bin/ld] ==> ignore
    arg [-pie] ==> ignore
    arg [-zrelro] ==> ignore
    arg [--hash-style=gnu] ==> ignore
    arg [--build-id] ==> ignore
    arg [--eh-frame-hdr] ==> ignore
    arg [-m] ==> ignore
    arg [elf_x86_64] ==> ignore
    arg [-dynamic-linker] ==> ignore
    arg [/lib64/ld-linux-x86-64.so.2] ==> ignore
    arg [-o] ==> ignore
    arg [cmTC_c46df] ==> ignore
    arg [/lib/x86_64-linux-gnu/Scrt1.o] ==> obj [/lib/x86_64-linux-gnu/Scrt1.o]
    arg [/lib/x86_64-linux-gnu/crti.o] ==> obj [/lib/x86_64-linux-gnu/crti.o]
    arg [/usr/lib/gcc/x86_64-linux-gnu/11/crtbeginS.o] ==> obj [/usr/lib/gcc/x86_64-linux-gnu/11/crtbeginS.o]
    arg [-L/usr/lib/gcc/x86_64-linux-gnu/11] ==> dir [/usr/lib/gcc/x86_64-linux-gnu/11]
    arg [-L/usr/lib/gcc/x86_64-linux-gnu/11/../../../../lib64] ==> dir [/usr/lib/gcc/x86_64-linux-gnu/11/../../../../lib64]
    arg [-L/lib/x86_64-linux-gnu] ==> dir [/lib/x86_64-linux-gnu]
    arg [-L/lib/../lib64] ==> dir [/lib/../lib64]
    arg [-L/usr/lib/x86_64-linux-gnu] ==> dir [/usr/lib/x86_64-linux-gnu]
    arg [-L/usr/lib/../lib64] ==> dir [/usr/lib/../lib64]
    arg [-L/usr/lib/llvm-14/bin/../lib] ==> dir [/usr/lib/llvm-14/bin/../lib]
    arg [-L/lib] ==> dir [/lib]
    arg [-L/usr/lib] ==> dir [/usr/lib]
    arg [CMakeFiles/cmTC_c46df.dir/CMakeCCompilerABI.c.o] ==> ignore
    arg [/mnt/e/srtp/Software_Vulnerality/diffcomp/AFLplusplus/afl-compiler-rt.o] ==> obj [/mnt/e/srtp/Software_Vulnerality/diffcomp/AFLplusplus/afl-compiler-rt.o]
    arg [--dynamic-list=/mnt/e/srtp/Software_Vulnerality/diffcomp/AFLplusplus/dynamic_list.txt] ==> ignore
    arg [-lgcc] ==> lib [gcc]
    arg [--as-needed] ==> ignore
    arg [-lgcc_s] ==> lib [gcc_s]
    arg [--no-as-needed] ==> ignore
    arg [-lc] ==> lib [c]
    arg [-lgcc] ==> lib [gcc]
    arg [--as-needed] ==> ignore
    arg [-lgcc_s] ==> lib [gcc_s]
    arg [--no-as-needed] ==> ignore
    arg [/usr/lib/gcc/x86_64-linux-gnu/11/crtendS.o] ==> obj [/usr/lib/gcc/x86_64-linux-gnu/11/crtendS.o]
    arg [/lib/x86_64-linux-gnu/crtn.o] ==> obj [/lib/x86_64-linux-gnu/crtn.o]
  collapse library dir [/usr/lib/gcc/x86_64-linux-gnu/11] ==> [/usr/lib/gcc/x86_64-linux-gnu/11]
  collapse library dir [/usr/lib/gcc/x86_64-linux-gnu/11/../../../../lib64] ==> [/usr/lib64]
  collapse library dir [/lib/x86_64-linux-gnu] ==> [/lib/x86_64-linux-gnu]
  collapse library dir [/lib/../lib64] ==> [/lib64]
  collapse library dir [/usr/lib/x86_64-linux-gnu] ==> [/usr/lib/x86_64-linux-gnu]
  collapse library dir [/usr/lib/../lib64] ==> [/usr/lib64]
  collapse library dir [/usr/lib/llvm-14/bin/../lib] ==> [/usr/lib/llvm-14/lib]
  collapse library dir [/lib] ==> [/lib]
  collapse library dir [/usr/lib] ==> [/usr/lib]
  implicit libs: [gcc;gcc_s;c;gcc;gcc_s]
  implicit objs: [/lib/x86_64-linux-gnu/Scrt1.o;/lib/x86_64-linux-gnu/crti.o;/usr/lib/gcc/x86_64-linux-gnu/11/crtbeginS.o;/mnt/e/srtp/Software_Vulnerality/diffcomp/AFLplusplus/afl-compiler-rt.o;/usr/lib/gcc/x86_64-linux-gnu/11/crtendS.o;/lib/x86_64-linux-gnu/crtn.o]
  implicit dirs: [/usr/lib/gcc/x86_64-linux-gnu/11;/usr/lib64;/lib/x86_64-linux-gnu;/lib64;/usr/lib/x86_64-linux-gnu;/usr/lib/llvm-14/lib;/lib;/usr/lib]
  implicit fwks: []


Determining if the include file sys/types.h exists passed with the following output:
Change Dir: /mnt/e/srtp/Software_Vulnerality/diffcomp/ncmdump/build_o0/CMakeFiles/CMakeTmp

Run Build Command(s):/usr/bin/gmake -f Makefile cmTC_0f15f/fast && /usr/bin/gmake  -f CMakeFiles/cmTC_0f15f.dir/build.make CMakeFiles/cmTC_0f15f.dir/build
gmake[1]: Entering directory '/mnt/e/srtp/Software_Vulnerality/diffcomp/ncmdump/build_o0/CMakeFiles/CMakeTmp'
Building C object CMakeFiles/cmTC_0f15f.dir/CheckIncludeFile.c.o
/mnt/e/srtp/Software_Vulnerality/diffcomp/AFLplusplus/afl-cc   -Wall  -MD -MT CMakeFiles/cmTC_0f15f.dir/CheckIncludeFile.c.o -MF CMakeFiles/cmTC_0f15f.dir/CheckIncludeFile.c.o.d -o CMakeFiles/cmTC_0f15f.dir/CheckIncludeFile.c.o -c /mnt/e/srtp/Software_Vulnerality/diffcomp/ncmdump/build_o0/CMakeFiles/CMakeTmp/CheckIncludeFile.c
Linking C executable cmTC_0f15f
/usr/bin/cmake -E cmake_link_script CMakeFiles/cmTC_0f15f.dir/link.txt --verbose=1
/mnt/e/srtp/Software_Vulnerality/diffcomp/AFLplusplus/afl-cc  -Wall  CMakeFiles/cmTC_0f15f.dir/CheckIncludeFile.c.o -o cmTC_0f15f 
gmake[1]: Leaving directory '/mnt/e/srtp/Software_Vulnerality/diffcomp/ncmdump/build_o0/CMakeFiles/CMakeTmp'



Determining if the include file stdint.h exists passed with the following output:
Change Dir: /mnt/e/srtp/Software_Vulnerality/diffcomp/ncmdump/build_o0/CMakeFiles/CMakeTmp

Run Build Command(s):/usr/bin/gmake -f Makefile cmTC_a1e2a/fast && /usr/bin/gmake  -f CMakeFiles/cmTC_a1e2a.dir/build.make CMakeFiles/cmTC_a1e2a.dir/build
gmake[1]: Entering directory '/mnt/e/srtp/Software_Vulnerality/diffcomp/ncmdump/build_o0/CMakeFiles/CMakeTmp'
Building C object CMakeFiles/cmTC_a1e2a.dir/CheckIncludeFile.c.o
/mnt/e/srtp/Software_Vulnerality/diffcomp/AFLplusplus/afl-cc   -Wall  -MD -MT CMakeFiles/cmTC_a1e2a.dir/CheckIncludeFile.c.o -MF CMakeFiles/cmTC_a1e2a.dir/CheckIncludeFile.c.o.d -o CMakeFiles/cmTC_a1e2a.dir/CheckIncludeFile.c.o -c /mnt/e/srtp/Software_Vulnerality/diffcomp/ncmdump/build_o0/CMakeFiles/CMakeTmp/CheckIncludeFile.c
Linking C executable cmTC_a1e2a
/usr/bin/cmake -E cmake_link_script CMakeFiles/cmTC_a1e2a.dir/link.txt --verbose=1
/mnt/e/srtp/Software_Vulnerality/diffcomp/AFLplusplus/afl-cc  -Wall  CMakeFiles/cmTC_a1e2a.dir/CheckIncludeFile.c.o -o cmTC_a1e2a 
gmake[1]: Leaving directory '/mnt/e/srtp/Software_Vulnerality/diffcomp/ncmdump/build_o0/CMakeFiles/CMakeTmp'



Determining if the include file stddef.h exists passed with the following output:
Change Dir: /mnt/e/srtp/Software_Vulnerality/diffcomp/ncmdump/build_o0/CMakeFiles/CMakeTmp

Run Build Command(s):/usr/bin/gmake -f Makefile cmTC_25b98/fast && /usr/bin/gmake  -f CMakeFiles/cmTC_25b98.dir/build.make CMakeFiles/cmTC_25b98.dir/build
gmake[1]: Entering directory '/mnt/e/srtp/Software_Vulnerality/diffcomp/ncmdump/build_o0/CMakeFiles/CMakeTmp'
Building C object CMakeFiles/cmTC_25b98.dir/CheckIncludeFile.c.o
/mnt/e/srtp/Software_Vulnerality/diffcomp/AFLplusplus/afl-cc   -Wall  -MD -MT CMakeFiles/cmTC_25b98.dir/CheckIncludeFile.c.o -MF CMakeFiles/cmTC_25b98.dir/CheckIncludeFile.c.o.d -o CMakeFiles/cmTC_25b98.dir/CheckIncludeFile.c.o -c /mnt/e/srtp/Software_Vulnerality/diffcomp/ncmdump/build_o0/CMakeFiles/CMakeTmp/CheckIncludeFile.c
Linking C executable cmTC_25b98
/usr/bin/cmake -E cmake_link_script CMakeFiles/cmTC_25b98.dir/link.txt --verbose=1
/mnt/e/srtp/Software_Vulnerality/diffcomp/AFLplusplus/afl-cc  -Wall  CMakeFiles/cmTC_25b98.dir/CheckIncludeFile.c.o -o cmTC_25b98 
gmake[1]: Leaving directory '/mnt/e/srtp/Software_Vulnerality/diffcomp/ncmdump/build_o0/CMakeFiles/CMakeTmp'



Determining size of short passed with the following output:
Change Dir: /mnt/e/srtp/Software_Vulnerality/diffcomp/ncmdump/build_o0/CMakeFiles/CMakeTmp

Run Build Command(s):/usr/bin/gmake -f Makefile cmTC_584fb/fast && /usr/bin/gmake  -f CMakeFiles/cmTC_584fb.dir/build.make CMakeFiles/cmTC_584fb.dir/build
gmake[1]: Entering directory '/mnt/e/srtp/Software_Vulnerality/diffcomp/ncmdump/build_o0/CMakeFiles/CMakeTmp'
Building C object CMakeFiles/cmTC_584fb.dir/SIZEOF_SHORT.c.o
/mnt/e/srtp/Software_Vulnerality/diffcomp/AFLplusplus/afl-cc   -Wall  -MD -MT CMakeFiles/cmTC_584fb.dir/SIZEOF_SHORT.c.o -MF CMakeFiles/cmTC_584fb.dir/SIZEOF_SHORT.c.o.d -o CMakeFiles/cmTC_584fb.dir/SIZEOF_SHORT.c.o -c /mnt/e/srtp/Software_Vulnerality/diffcomp/ncmdump/build_o0/CMakeFiles/CheckTypeSize/SIZEOF_SHORT.c
Linking C executable cmTC_584fb
/usr/bin/cmake -E cmake_link_script CMakeFiles/cmTC_584fb.dir/link.txt --verbose=1
/mnt/e/srtp/Software_Vulnerality/diffcomp/AFLplusplus/afl-cc  -Wall  CMakeFiles/cmTC_584fb.dir/SIZEOF_SHORT.c.o -o cmTC_584fb 
gmake[1]: Leaving directory '/mnt/e/srtp/Software_Vulnerality/diffcomp/ncmdump/build_o0/CMakeFiles/CMakeTmp'



Determining size of int passed with the following output:
Change Dir: /mnt/e/srtp/Software_Vulnerality/diffcomp/ncmdump/build_o0/CMakeFiles/CMakeTmp

Run Build Command(s):/usr/bin/gmake -f Makefile cmTC_8aab3/fast && /usr/bin/gmake  -f CMakeFiles/cmTC_8aab3.dir/build.make CMakeFiles/cmTC_8aab3.dir/build
gmake[1]: Entering directory '/mnt/e/srtp/Software_Vulnerality/diffcomp/ncmdump/build_o0/CMakeFiles/CMakeTmp'
Building C object CMakeFiles/cmTC_8aab3.dir/SIZEOF_INT.c.o
/mnt/e/srtp/Software_Vulnerality/diffcomp/AFLplusplus/afl-cc   -Wall  -MD -MT CMakeFiles/cmTC_8aab3.dir/SIZEOF_INT.c.o -MF CMakeFiles/cmTC_8aab3.dir/SIZEOF_INT.c.o.d -o CMakeFiles/cmTC_8aab3.dir/SIZEOF_INT.c.o -c /mnt/e/srtp/Software_Vulnerality/diffcomp/ncmdump/build_o0/CMakeFiles/CheckTypeSize/SIZEOF_INT.c
Linking C executable cmTC_8aab3
/usr/bin/cmake -E cmake_link_script CMakeFiles/cmTC_8aab3.dir/link.txt --verbose=1
/mnt/e/srtp/Software_Vulnerality/diffcomp/AFLplusplus/afl-cc  -Wall  CMakeFiles/cmTC_8aab3.dir/SIZEOF_INT.c.o -o cmTC_8aab3 
gmake[1]: Leaving directory '/mnt/e/srtp/Software_Vulnerality/diffcomp/ncmdump/build_o0/CMakeFiles/CMakeTmp'



Determining size of long long passed with the following output:
Change Dir: /mnt/e/srtp/Software_Vulnerality/diffcomp/ncmdump/build_o0/CMakeFiles/CMakeTmp

Run Build Command(s):/usr/bin/gmake -f Makefile cmTC_83eb9/fast && /usr/bin/gmake  -f CMakeFiles/cmTC_83eb9.dir/build.make CMakeFiles/cmTC_83eb9.dir/build
gmake[1]: Entering directory '/mnt/e/srtp/Software_Vulnerality/diffcomp/ncmdump/build_o0/CMakeFiles/CMakeTmp'
Building C object CMakeFiles/cmTC_83eb9.dir/SIZEOF_LONGLONG.c.o
/mnt/e/srtp/Software_Vulnerality/diffcomp/AFLplusplus/afl-cc   -Wall  -MD -MT CMakeFiles/cmTC_83eb9.dir/SIZEOF_LONGLONG.c.o -MF CMakeFiles/cmTC_83eb9.dir/SIZEOF_LONGLONG.c.o.d -o CMakeFiles/cmTC_83eb9.dir/SIZEOF_LONGLONG.c.o -c /mnt/e/srtp/Software_Vulnerality/diffcomp/ncmdump/build_o0/CMakeFiles/CheckTypeSize/SIZEOF_LONGLONG.c
Linking C executable cmTC_83eb9
/usr/bin/cmake -E cmake_link_script CMakeFiles/cmTC_83eb9.dir/link.txt --verbose=1
/mnt/e/srtp/Software_Vulnerality/diffcomp/AFLplusplus/afl-cc  -Wall  CMakeFiles/cmTC_83eb9.dir/SIZEOF_LONGLONG.c.o -o cmTC_83eb9 
gmake[1]: Leaving directory '/mnt/e/srtp/Software_Vulnerality/diffcomp/ncmdump/build_o0/CMakeFiles/CMakeTmp'



Determining size of wchar_t passed with the following output:
Change Dir: /mnt/e/srtp/Software_Vulnerality/diffcomp/ncmdump/build_o0/CMakeFiles/CMakeTmp

Run Build Command(s):/usr/bin/gmake -f Makefile cmTC_fb49a/fast && /usr/bin/gmake  -f CMakeFiles/cmTC_fb49a.dir/build.make CMakeFiles/cmTC_fb49a.dir/build
gmake[1]: Entering directory '/mnt/e/srtp/Software_Vulnerality/diffcomp/ncmdump/build_o0/CMakeFiles/CMakeTmp'
Building C object CMakeFiles/cmTC_fb49a.dir/SIZEOF_WCHAR_T.c.o
/mnt/e/srtp/Software_Vulnerality/diffcomp/AFLplusplus/afl-cc   -Wall  -MD -MT CMakeFiles/cmTC_fb49a.dir/SIZEOF_WCHAR_T.c.o -MF CMakeFiles/cmTC_fb49a.dir/SIZEOF_WCHAR_T.c.o.d -o CMakeFiles/cmTC_fb49a.dir/SIZEOF_WCHAR_T.c.o -c /mnt/e/srtp/Software_Vulnerality/diffcomp/ncmdump/build_o0/CMakeFiles/CheckTypeSize/SIZEOF_WCHAR_T.c
Linking C executable cmTC_fb49a
/usr/bin/cmake -E cmake_link_script CMakeFiles/cmTC_fb49a.dir/link.txt --verbose=1
/mnt/e/srtp/Software_Vulnerality/diffcomp/AFLplusplus/afl-cc  -Wall  CMakeFiles/cmTC_fb49a.dir/SIZEOF_WCHAR_T.c.o -o cmTC_fb49a 
gmake[1]: Leaving directory '/mnt/e/srtp/Software_Vulnerality/diffcomp/ncmdump/build_o0/CMakeFiles/CMakeTmp'



Determining size of float passed with the following output:
Change Dir: /mnt/e/srtp/Software_Vulnerality/diffcomp/ncmdump/build_o0/CMakeFiles/CMakeTmp

Run Build Command(s):/usr/bin/gmake -f Makefile cmTC_22131/fast && /usr/bin/gmake  -f CMakeFiles/cmTC_22131.dir/build.make CMakeFiles/cmTC_22131.dir/build
gmake[1]: Entering directory '/mnt/e/srtp/Software_Vulnerality/diffcomp/ncmdump/build_o0/CMakeFiles/CMakeTmp'
Building C object CMakeFiles/cmTC_22131.dir/SIZEOF_FLOAT.c.o
/mnt/e/srtp/Software_Vulnerality/diffcomp/AFLplusplus/afl-cc   -Wall  -MD -MT CMakeFiles/cmTC_22131.dir/SIZEOF_FLOAT.c.o -MF CMakeFiles/cmTC_22131.dir/SIZEOF_FLOAT.c.o.d -o CMakeFiles/cmTC_22131.dir/SIZEOF_FLOAT.c.o -c /mnt/e/srtp/Software_Vulnerality/diffcomp/ncmdump/build_o0/CMakeFiles/CheckTypeSize/SIZEOF_FLOAT.c
Linking C executable cmTC_22131
/usr/bin/cmake -E cmake_link_script CMakeFiles/cmTC_22131.dir/link.txt --verbose=1
/mnt/e/srtp/Software_Vulnerality/diffcomp/AFLplusplus/afl-cc  -Wall  CMakeFiles/cmTC_22131.dir/SIZEOF_FLOAT.c.o -o cmTC_22131 
gmake[1]: Leaving directory '/mnt/e/srtp/Software_Vulnerality/diffcomp/ncmdump/build_o0/CMakeFiles/CMakeTmp'



Determining size of double passed with the following output:
Change Dir: /mnt/e/srtp/Software_Vulnerality/diffcomp/ncmdump/build_o0/CMakeFiles/CMakeTmp

Run Build Command(s):/usr/bin/gmake -f Makefile cmTC_00c93/fast && /usr/bin/gmake  -f CMakeFiles/cmTC_00c93.dir/build.make CMakeFiles/cmTC_00c93.dir/build
gmake[1]: Entering directory '/mnt/e/srtp/Software_Vulnerality/diffcomp/ncmdump/build_o0/CMakeFiles/CMakeTmp'
gmake[1]: Warning: File 'CMakeFiles/cmTC_00c93.dir/progress.make' has modification time 0.0085 s in the future
Building C object CMakeFiles/cmTC_00c93.dir/SIZEOF_DOUBLE.c.o
/mnt/e/srtp/Software_Vulnerality/diffcomp/AFLplusplus/afl-cc   -Wall  -MD -MT CMakeFiles/cmTC_00c93.dir/SIZEOF_DOUBLE.c.o -MF CMakeFiles/cmTC_00c93.dir/SIZEOF_DOUBLE.c.o.d -o CMakeFiles/cmTC_00c93.dir/SIZEOF_DOUBLE.c.o -c /mnt/e/srtp/Software_Vulnerality/diffcomp/ncmdump/build_o0/CMakeFiles/CheckTypeSize/SIZEOF_DOUBLE.c
Linking C executable cmTC_00c93
/usr/bin/cmake -E cmake_link_script CMakeFiles/cmTC_00c93.dir/link.txt --verbose=1
/mnt/e/srtp/Software_Vulnerality/diffcomp/AFLplusplus/afl-cc  -Wall  CMakeFiles/cmTC_00c93.dir/SIZEOF_DOUBLE.c.o -o cmTC_00c93 
gmake[1]: warning:  Clock skew detected.  Your build may be incomplete.
gmake[1]: Leaving directory '/mnt/e/srtp/Software_Vulnerality/diffcomp/ncmdump/build_o0/CMakeFiles/CMakeTmp'



Performing C++ SOURCE FILE Test HAVE_GCC_BYTESWAP succeeded with the following output:
Change Dir: /mnt/e/srtp/Software_Vulnerality/diffcomp/ncmdump/build_o0/CMakeFiles/CMakeTmp

Run Build Command(s):/usr/bin/gmake -f Makefile cmTC_418c4/fast && gmake: Warning: File 'Makefile' has modification time 0.072 s in the future
/usr/bin/gmake  -f CMakeFiles/cmTC_418c4.dir/build.make CMakeFiles/cmTC_418c4.dir/build
gmake[1]: Entering directory '/mnt/e/srtp/Software_Vulnerality/diffcomp/ncmdump/build_o0/CMakeFiles/CMakeTmp'
gmake[1]: Warning: File 'CMakeFiles/cmTC_418c4.dir/flags.make' has modification time 0.03 s in the future
Building CXX object CMakeFiles/cmTC_418c4.dir/src.cxx.o
/mnt/e/srtp/Software_Vulnerality/diffcomp/AFLplusplus/afl-c++ -DHAVE_GCC_BYTESWAP  -Wall  -MD -MT CMakeFiles/cmTC_418c4.dir/src.cxx.o -MF CMakeFiles/cmTC_418c4.dir/src.cxx.o.d -o CMakeFiles/cmTC_418c4.dir/src.cxx.o -c /mnt/e/srtp/Software_Vulnerality/diffcomp/ncmdump/build_o0/CMakeFiles/CMakeTmp/src.cxx
/mnt/e/srtp/Software_Vulnerality/diffcomp/ncmdump/build_o0/CMakeFiles/CMakeTmp/src.cxx:3:5: warning: ignoring return value of function declared with const attribute [-Wunused-value]
    __builtin_bswap16(0);
    ^~~~~~~~~~~~~~~~~ ~
/mnt/e/srtp/Software_Vulnerality/diffcomp/ncmdump/build_o0/CMakeFiles/CMakeTmp/src.cxx:4:5: warning: ignoring return value of function declared with const attribute [-Wunused-value]
    __builtin_bswap32(0);
    ^~~~~~~~~~~~~~~~~ ~
/mnt/e/srtp/Software_Vulnerality/diffcomp/ncmdump/build_o0/CMakeFiles/CMakeTmp/src.cxx:5:5: warning: ignoring return value of function declared with const attribute [-Wunused-value]
    __builtin_bswap64(0);
    ^~~~~~~~~~~~~~~~~ ~
3 warnings generated.
Linking CXX executable cmTC_418c4
/usr/bin/cmake -E cmake_link_script CMakeFiles/cmTC_418c4.dir/link.txt --verbose=1
/mnt/e/srtp/Software_Vulnerality/diffcomp/AFLplusplus/afl-c++  -Wall  CMakeFiles/cmTC_418c4.dir/src.cxx.o -o cmTC_418c4 
gmake[1]: warning:  Clock skew detected.  Your build may be incomplete.
gmake[1]: Leaving directory '/mnt/e/srtp/Software_Vulnerality/diffcomp/ncmdump/build_o0/CMakeFiles/CMakeTmp'
gmake: warning:  Clock skew detected.  Your build may be incomplete.


Source file was:

  int main() {
    __builtin_bswap16(0);
    __builtin_bswap32(0);
    __builtin_bswap64(0);
    return 0;
  }

